2019/10/21 12:41:55 [error] 6#0: *1 connect() failed (111: Connection refused) while connecting to upstream, client: 183.6.114.244, server: qrcode.mmfei.com, request: "GET /html HTTP/1.1", upstream: "http://127.0.0.1:3000/html", host: "qrcode.mmfei.com"
2019/10/21 12:41:57 [error] 6#0: *1 connect() failed (111: Connection refused) while connecting to upstream, client: 183.6.114.244, server: qrcode.mmfei.com, request: "GET /favicon.ico HTTP/1.1", upstream: "http://127.0.0.1:3000/favicon.ico", host: "qrcode.mmfei.com", referrer: "http://qrcode.mmfei.com/html"
2019/10/21 12:44:20 [emerg] 1#0: invalid URL prefix in /usr/local/openresty/nginx/conf.d/qrcode.mmfei.com.conf:26
2019/10/21 12:44:20 [emerg] 1#0: invalid URL prefix in /usr/local/openresty/nginx/conf.d/qrcode.mmfei.com.conf:26
2019/10/21 12:44:21 [emerg] 1#0: invalid URL prefix in /usr/local/openresty/nginx/conf.d/qrcode.mmfei.com.conf:26
2019/10/21 12:44:22 [emerg] 1#0: invalid URL prefix in /usr/local/openresty/nginx/conf.d/qrcode.mmfei.com.conf:26
2019/10/21 12:44:24 [emerg] 1#0: invalid URL prefix in /usr/local/openresty/nginx/conf.d/qrcode.mmfei.com.conf:26
2019/10/21 12:44:26 [emerg] 1#0: invalid URL prefix in /usr/local/openresty/nginx/conf.d/qrcode.mmfei.com.conf:26
2019/10/21 12:44:30 [emerg] 1#0: invalid URL prefix in /usr/local/openresty/nginx/conf.d/qrcode.mmfei.com.conf:26
2019/10/21 12:44:37 [emerg] 1#0: invalid URL prefix in /usr/local/openresty/nginx/conf.d/qrcode.mmfei.com.conf:26
2019/10/21 12:44:51 [emerg] 1#0: invalid URL prefix in /usr/local/openresty/nginx/conf.d/qrcode.mmfei.com.conf:26
2019/10/21 12:45:17 [emerg] 1#0: invalid URL prefix in /usr/local/openresty/nginx/conf.d/qrcode.mmfei.com.conf:26
2019/10/21 12:46:09 [emerg] 1#0: host not found in upstream "generator_qrcode_back-end_1" in /usr/local/openresty/nginx/conf.d/qrcode.mmfei.com.conf:26
2019/10/21 12:46:19 [emerg] 1#0: host not found in upstream "generator_qrcode_back-end_1" in /usr/local/openresty/nginx/conf.d/qrcode.mmfei.com.conf:26
2019/10/21 12:46:20 [emerg] 1#0: host not found in upstream "generator_qrcode_back-end_1" in /usr/local/openresty/nginx/conf.d/qrcode.mmfei.com.conf:26
2019/10/21 12:46:21 [emerg] 1#0: host not found in upstream "generator_qrcode_back-end_1" in /usr/local/openresty/nginx/conf.d/qrcode.mmfei.com.conf:26
2019/10/21 12:46:22 [emerg] 1#0: host not found in upstream "generator_qrcode_back-end_1" in /usr/local/openresty/nginx/conf.d/qrcode.mmfei.com.conf:26
2019/10/21 12:46:24 [emerg] 1#0: host not found in upstream "generator_qrcode_back-end_1" in /usr/local/openresty/nginx/conf.d/qrcode.mmfei.com.conf:26
2019/10/21 12:46:26 [emerg] 1#0: host not found in upstream "generator_qrcode_back-end_1" in /usr/local/openresty/nginx/conf.d/qrcode.mmfei.com.conf:26
2019/10/21 12:46:30 [emerg] 1#0: host not found in upstream "generator_qrcode_back-end_1" in /usr/local/openresty/nginx/conf.d/qrcode.mmfei.com.conf:26
2019/10/21 12:46:37 [emerg] 1#0: host not found in upstream "generator_qrcode_back-end_1" in /usr/local/openresty/nginx/conf.d/qrcode.mmfei.com.conf:26
2019/10/21 12:46:51 [emerg] 1#0: host not found in upstream "generator_qrcode_back-end_1" in /usr/local/openresty/nginx/conf.d/qrcode.mmfei.com.conf:26
2019/10/21 12:47:17 [emerg] 1#0: host not found in upstream "generator_qrcode_back-end_1" in /usr/local/openresty/nginx/conf.d/qrcode.mmfei.com.conf:26
2019/10/21 12:47:39 [emerg] 1#0: invalid URL prefix in /usr/local/openresty/nginx/conf.d/qrcode.mmfei.com.conf:26
2019/10/21 12:47:40 [emerg] 1#0: invalid URL prefix in /usr/local/openresty/nginx/conf.d/qrcode.mmfei.com.conf:26
2019/10/21 12:47:41 [emerg] 1#0: invalid URL prefix in /usr/local/openresty/nginx/conf.d/qrcode.mmfei.com.conf:26
2019/10/21 12:47:42 [emerg] 1#0: invalid URL prefix in /usr/local/openresty/nginx/conf.d/qrcode.mmfei.com.conf:26
2019/10/21 12:47:44 [emerg] 1#0: invalid URL prefix in /usr/local/openresty/nginx/conf.d/qrcode.mmfei.com.conf:26
2019/10/21 12:47:46 [emerg] 1#0: invalid URL prefix in /usr/local/openresty/nginx/conf.d/qrcode.mmfei.com.conf:26
2019/10/21 12:47:50 [emerg] 1#0: invalid URL prefix in /usr/local/openresty/nginx/conf.d/qrcode.mmfei.com.conf:26
2019/10/21 12:47:57 [emerg] 1#0: invalid URL prefix in /usr/local/openresty/nginx/conf.d/qrcode.mmfei.com.conf:26
2019/10/21 12:48:11 [emerg] 1#0: invalid URL prefix in /usr/local/openresty/nginx/conf.d/qrcode.mmfei.com.conf:26
2019/10/21 12:48:37 [emerg] 1#0: invalid URL prefix in /usr/local/openresty/nginx/conf.d/qrcode.mmfei.com.conf:26
2019/10/21 12:49:29 [emerg] 1#0: invalid URL prefix in /usr/local/openresty/nginx/conf.d/qrcode.mmfei.com.conf:26
2019/10/21 12:53:40 [emerg] 1#0: host not found in upstream "generator_qrcode_back-end_1:3000" in /usr/local/openresty/nginx/conf.d/qrcode.mmfei.com.conf:2
2019/10/21 12:53:41 [emerg] 1#0: host not found in upstream "generator_qrcode_back-end_1:3000" in /usr/local/openresty/nginx/conf.d/qrcode.mmfei.com.conf:2
2019/10/21 12:53:42 [emerg] 1#0: host not found in upstream "generator_qrcode_back-end_1:3000" in /usr/local/openresty/nginx/conf.d/qrcode.mmfei.com.conf:2
2019/10/21 12:53:43 [emerg] 1#0: host not found in upstream "generator_qrcode_back-end_1:3000" in /usr/local/openresty/nginx/conf.d/qrcode.mmfei.com.conf:2
2019/10/21 12:53:45 [emerg] 1#0: host not found in upstream "generator_qrcode_back-end_1:3000" in /usr/local/openresty/nginx/conf.d/qrcode.mmfei.com.conf:2
2019/10/21 12:53:47 [emerg] 1#0: host not found in upstream "generator_qrcode_back-end_1:3000" in /usr/local/openresty/nginx/conf.d/qrcode.mmfei.com.conf:2
2019/10/21 12:53:51 [emerg] 1#0: host not found in upstream "generator_qrcode_back-end_1:3000" in /usr/local/openresty/nginx/conf.d/qrcode.mmfei.com.conf:2
2019/10/21 12:53:58 [emerg] 1#0: host not found in upstream "generator_qrcode_back-end_1:3000" in /usr/local/openresty/nginx/conf.d/qrcode.mmfei.com.conf:2
2019/10/21 12:56:00 [emerg] 1#0: host not found in upstream "back-end:3000" in /usr/local/openresty/nginx/conf.d/qrcode.mmfei.com.conf:2
2019/10/21 12:56:01 [emerg] 1#0: host not found in upstream "back-end:3000" in /usr/local/openresty/nginx/conf.d/qrcode.mmfei.com.conf:2
2019/10/21 12:56:01 [emerg] 1#0: host not found in upstream "back-end:3000" in /usr/local/openresty/nginx/conf.d/qrcode.mmfei.com.conf:2
2019/10/21 12:56:03 [emerg] 1#0: host not found in upstream "back-end:3000" in /usr/local/openresty/nginx/conf.d/qrcode.mmfei.com.conf:2
2019/10/21 12:56:04 [emerg] 1#0: host not found in upstream "back-end:3000" in /usr/local/openresty/nginx/conf.d/qrcode.mmfei.com.conf:2
2019/10/21 12:56:07 [emerg] 1#0: host not found in upstream "back-end:3000" in /usr/local/openresty/nginx/conf.d/qrcode.mmfei.com.conf:2
2019/10/21 12:56:10 [emerg] 1#0: host not found in upstream "back-end:3000" in /usr/local/openresty/nginx/conf.d/qrcode.mmfei.com.conf:2
2019/10/21 12:56:18 [emerg] 1#0: host not found in upstream "back-end:3000" in /usr/local/openresty/nginx/conf.d/qrcode.mmfei.com.conf:2
2019/10/21 12:56:31 [emerg] 1#0: host not found in upstream "back-end:3000" in /usr/local/openresty/nginx/conf.d/qrcode.mmfei.com.conf:2
2019/10/21 13:01:47 [emerg] 1#0: host not found in upstream "back-end:3000" in /usr/local/openresty/nginx/conf.d/qrcode.mmfei.com.conf:2
2019/10/21 13:01:48 [emerg] 1#0: host not found in upstream "back-end:3000" in /usr/local/openresty/nginx/conf.d/qrcode.mmfei.com.conf:2
2019/10/21 13:01:49 [emerg] 1#0: host not found in upstream "back-end:3000" in /usr/local/openresty/nginx/conf.d/qrcode.mmfei.com.conf:2
2019/10/21 13:01:50 [emerg] 1#0: host not found in upstream "back-end:3000" in /usr/local/openresty/nginx/conf.d/qrcode.mmfei.com.conf:2
2019/10/21 13:01:51 [emerg] 1#0: host not found in upstream "back-end:3000" in /usr/local/openresty/nginx/conf.d/qrcode.mmfei.com.conf:2
2019/10/21 13:01:54 [emerg] 1#0: host not found in upstream "back-end:3000" in /usr/local/openresty/nginx/conf.d/qrcode.mmfei.com.conf:2
2019/10/21 13:02:16 [emerg] 1#0: host not found in upstream "back-end:3000" in /usr/local/openresty/nginx/conf.d/qrcode.mmfei.com.conf:2
2019/10/21 13:02:17 [emerg] 1#0: host not found in upstream "back-end:3000" in /usr/local/openresty/nginx/conf.d/qrcode.mmfei.com.conf:2
2019/10/21 13:02:19 [emerg] 1#0: host not found in upstream "back-end:3000" in /usr/local/openresty/nginx/conf.d/qrcode.mmfei.com.conf:2
2019/10/21 13:02:20 [emerg] 1#0: host not found in upstream "back-end:3000" in /usr/local/openresty/nginx/conf.d/qrcode.mmfei.com.conf:2
2019/10/21 13:02:21 [emerg] 1#0: host not found in upstream "back-end:3000" in /usr/local/openresty/nginx/conf.d/qrcode.mmfei.com.conf:2
2019/10/21 13:02:24 [emerg] 1#0: host not found in upstream "back-end:3000" in /usr/local/openresty/nginx/conf.d/qrcode.mmfei.com.conf:2
2019/10/21 13:02:28 [emerg] 1#0: host not found in upstream "back-end:3000" in /usr/local/openresty/nginx/conf.d/qrcode.mmfei.com.conf:2
2019/10/21 13:02:35 [emerg] 1#0: host not found in upstream "back-end:3000" in /usr/local/openresty/nginx/conf.d/qrcode.mmfei.com.conf:2
2019/10/21 13:02:48 [emerg] 1#0: host not found in upstream "back-end:3000" in /usr/local/openresty/nginx/conf.d/qrcode.mmfei.com.conf:2
2019/10/21 13:03:15 [emerg] 1#0: host not found in upstream "back-end:3000" in /usr/local/openresty/nginx/conf.d/qrcode.mmfei.com.conf:2
2019/10/21 13:04:07 [emerg] 1#0: host not found in upstream "back-end:3000" in /usr/local/openresty/nginx/conf.d/qrcode.mmfei.com.conf:2
2019/10/21 13:05:59 [emerg] 1#0: host not found in upstream "qrcodeapp:3000" in /usr/local/openresty/nginx/conf.d/qrcode.mmfei.com.conf:2
2019/10/21 13:06:00 [emerg] 1#0: host not found in upstream "qrcodeapp:3000" in /usr/local/openresty/nginx/conf.d/qrcode.mmfei.com.conf:2
2019/10/21 13:06:01 [emerg] 1#0: host not found in upstream "qrcodeapp:3000" in /usr/local/openresty/nginx/conf.d/qrcode.mmfei.com.conf:2
2019/10/21 13:06:02 [emerg] 1#0: host not found in upstream "qrcodeapp:3000" in /usr/local/openresty/nginx/conf.d/qrcode.mmfei.com.conf:2
2019/10/21 13:06:04 [emerg] 1#0: host not found in upstream "qrcodeapp:3000" in /usr/local/openresty/nginx/conf.d/qrcode.mmfei.com.conf:2
2019/10/21 13:06:06 [emerg] 1#0: host not found in upstream "qrcodeapp:3000" in /usr/local/openresty/nginx/conf.d/qrcode.mmfei.com.conf:2
2019/10/21 13:06:10 [emerg] 1#0: host not found in upstream "qrcodeapp:3000" in /usr/local/openresty/nginx/conf.d/qrcode.mmfei.com.conf:2
2019/10/21 13:06:17 [emerg] 1#0: host not found in upstream "qrcodeapp:3000" in /usr/local/openresty/nginx/conf.d/qrcode.mmfei.com.conf:2
2019/10/21 13:06:31 [emerg] 1#0: host not found in upstream "qrcodeapp:3000" in /usr/local/openresty/nginx/conf.d/qrcode.mmfei.com.conf:2
2019/10/21 13:22:47 [emerg] 1#0: host not found in upstream "qrcodeapp:3000" in /usr/local/openresty/nginx/conf.d/qrcode.mmfei.com.conf:2
2019/10/21 13:22:48 [emerg] 1#0: host not found in upstream "qrcodeapp:3000" in /usr/local/openresty/nginx/conf.d/qrcode.mmfei.com.conf:2
2019/10/21 13:22:49 [emerg] 1#0: host not found in upstream "qrcodeapp:3000" in /usr/local/openresty/nginx/conf.d/qrcode.mmfei.com.conf:2
2019/10/21 13:22:50 [emerg] 1#0: host not found in upstream "qrcodeapp:3000" in /usr/local/openresty/nginx/conf.d/qrcode.mmfei.com.conf:2
2019/10/21 13:22:52 [emerg] 1#0: host not found in upstream "qrcodeapp:3000" in /usr/local/openresty/nginx/conf.d/qrcode.mmfei.com.conf:2
2019/10/21 13:22:54 [emerg] 1#0: host not found in upstream "qrcodeapp:3000" in /usr/local/openresty/nginx/conf.d/qrcode.mmfei.com.conf:2
2019/10/21 13:22:58 [emerg] 1#0: host not found in upstream "qrcodeapp:3000" in /usr/local/openresty/nginx/conf.d/qrcode.mmfei.com.conf:2
2019/10/21 13:23:05 [emerg] 1#0: host not found in upstream "qrcodeapp:3000" in /usr/local/openresty/nginx/conf.d/qrcode.mmfei.com.conf:2
2019/10/21 13:23:19 [emerg] 1#0: host not found in upstream "qrcodeapp:3000" in /usr/local/openresty/nginx/conf.d/qrcode.mmfei.com.conf:2
2019/10/21 13:23:45 [emerg] 1#0: host not found in upstream "qrcodeapp:3000" in /usr/local/openresty/nginx/conf.d/qrcode.mmfei.com.conf:2
